c:\wakinyanrepo\wakinyan\wakinyan\debug\vc120.pdb
c:\wakinyanrepo\wakinyan\wakinyan\debug\vc120.idb
c:\wakinyanrepo\wakinyan\wakinyan\debug\main.nativecodeanalysis.xml
c:\wakinyanrepo\wakinyan\wakinyan\debug\main.obj
c:\wakinyanrepo\wakinyan\wakinyan\debug\prototype.obj
c:\wakinyanrepo\wakinyan\wakinyan\debug\sprite.obj
c:\wakinyanrepo\wakinyan\wakinyan\debug\character.obj
c:\wakinyanrepo\wakinyan\wakinyan\debug\nativecodeanalysis.read.1.tlog
c:\wakinyanrepo\wakinyan\wakinyan\debug\vc.nativecodeanalysis.all.xml
c:\wakinyanrepo\wakinyan\debug\wakinyan.pdb
c:\wakinyanrepo\wakinyan\debug\wakinyan.exe.lastcodeanalysissucceeded
c:\wakinyanrepo\wakinyan\wakinyan\debug\wakinyan.tlog\cl.command.1.tlog
c:\wakinyanrepo\wakinyan\wakinyan\debug\wakinyan.tlog\cl.read.1.tlog
c:\wakinyanrepo\wakinyan\wakinyan\debug\wakinyan.tlog\cl.write.1.tlog
c:\wakinyanrepo\wakinyan\wakinyan\debug\wakinyan.tlog\link-cvtres.read.1.tlog
c:\wakinyanrepo\wakinyan\wakinyan\debug\wakinyan.tlog\link-cvtres.write.1.tlog
c:\wakinyanrepo\wakinyan\wakinyan\debug\wakinyan.tlog\link-rc.read.1.tlog
c:\wakinyanrepo\wakinyan\wakinyan\debug\wakinyan.tlog\link-rc.write.1.tlog
c:\wakinyanrepo\wakinyan\wakinyan\debug\wakinyan.tlog\link.9508-cvtres.read.1.tlog
c:\wakinyanrepo\wakinyan\wakinyan\debug\wakinyan.tlog\link.9508-cvtres.write.1.tlog
c:\wakinyanrepo\wakinyan\wakinyan\debug\wakinyan.tlog\link.9508-rc.read.1.tlog
c:\wakinyanrepo\wakinyan\wakinyan\debug\wakinyan.tlog\link.9508-rc.write.1.tlog
c:\wakinyanrepo\wakinyan\wakinyan\debug\wakinyan.tlog\link.9508.read.1.tlog
c:\wakinyanrepo\wakinyan\wakinyan\debug\wakinyan.tlog\link.9508.write.1.tlog
c:\wakinyanrepo\wakinyan\wakinyan\debug\wakinyan.tlog\link.command.1.tlog
c:\wakinyanrepo\wakinyan\wakinyan\debug\wakinyan.tlog\link.read.1.tlog
c:\wakinyanrepo\wakinyan\wakinyan\debug\wakinyan.tlog\link.write.1.tlog
